






Started logging.
2022/05/18 20:55:51 logging to c:\Users\ECC\Documents\ff\inols.log
2022/05/18 20:55:51 Initial board configuration: {"Arduino Nano" arduino:avr:nano}
2022/05/18 20:55:51 Language server build path: C:\Users\ECC\AppData\Local\Temp\arduino-language-server688093503
2022/05/18 20:55:51 Language server build sketch root: C:\Users\ECC\AppData\Local\Temp\arduino-language-server688093503\sketch
2022/05/18 20:55:51 [92mIDE --> LS     CL: REQUEST initialize 0: [0m
2022/05/18 20:55:51 IDE --> initialize 0 [93m locked[0m
2022/05/18 20:55:51 IDE --> initialize 0 [93m unlocked[0m
2022/05/18 20:55:51 [91mIDE <-- LS     CL: ANSWER UNBOUND (0): [0m
2022/05/18 20:55:51 INIT--- initializing workbench
2022/05/18 20:55:51 INIT--- [93m locked[0m
2022/05/18 20:55:51     --> initialize(file:///c%3A/Users/ECC/Documents/ff)
2022/05/18 20:55:51 running:  c:\Users\ECC\AppData\Local\Programs\Arduino IDE\resources\app\node_modules\arduino-ide-extension\build\arduino-cli.exe --config-file c:\Users\ECC\.arduinoIDE\arduino-cli.yaml compile --fqbn arduino:avr:nano --only-compilation-database --clean --source-override C:\Users\ECC\AppData\Local\Temp\707260306 --build-path C:\Users\ECC\AppData\Local\Temp\arduino-language-server688093503 --format json C:\Users\ECC\Documents\ff
2022/05/18 20:55:51 [92mIDE --> LS     CL: NOTIFICATION initialized: [0m
2022/05/18 20:55:54 arduino-cli output: {
  "compiler_out": "",
  "compiler_err": "",
  "builder_result": {
    "build_path": "C:\\Users\\ECC\\AppData\\Local\\Temp\\arduino-language-server688093503"
  },
  "success": false
}

2022/05/18 20:55:54 running:  c:\Users\ECC\AppData\Local\Programs\Arduino IDE\resources\app\node_modules\arduino-ide-extension\build\arduino-cli.exe --config-file c:\Users\ECC\.arduinoIDE\arduino-cli.yaml config dump --format json
2022/05/18 20:55:55 Arduino Data Dir ->  c:\Users\ECC\AppData\Local\Arduino15
2022/05/18 20:55:55     Starting clangd: c:\Users\ECC\AppData\Local\Programs\Arduino IDE\resources\app\node_modules\arduino-ide-extension\build\bin\clangd.exe -log=verbose --compile-commands-dir=C:\Users\ECC\AppData\Local\Temp\arduino-language-server688093503 -query-driver=c:\Users\ECC\AppData\Local\Arduino15\packages\**
2022/05/18 20:55:55 logging to c:\Users\ECC\Documents\ff\inols-clangd.log
2022/05/18 20:55:55 logging to c:\Users\ECC\Documents\ff\inols-clangd-err.log
2022/05/18 20:55:55 [91mIDE     LS --> CL: REQUEST initialize 0: [0m
2022/05/18 20:55:55 [92mIDE     LS <-- CL: ANSWER initialize 0 (0): [0m
2022/05/18 20:55:55 [91mIDE     LS --> CL: NOTIFICATION initialized: [0m
2022/05/18 20:55:55 INIT--- initializing workbench (done)
2022/05/18 20:55:55 INIT--- [93m unlocked[0m
2022/05/18 20:55:55 IDE --> initialized notif1 [93m read-locked[0m
2022/05/18 20:55:55 IDE --> initialized notif1 notification is not propagated to clangd
2022/05/18 20:55:55 IDE --> initialized notif1 [93m read-unlocked[0m
2022/05/18 20:55:55 [92mIDE --> LS     CL: NOTIFICATION textDocument/didOpen: [0m
2022/05/18 20:55:55 IDE --> textDocument/didOpen notif2 [93m locked[0m
2022/05/18 20:55:55 IDE --> textDocument/didOpen notif2 (file:///c%3A/Users/ECC/Documents/ff/ff.ino@1 as 'cpp')
2022/05/18 20:55:55     increasing .ino tracked files count: 1
2022/05/18 20:55:55 IDE --> textDocument/didOpen notif2 to clang: didOpen(file:///C:/Users/ECC/AppData/Local/Temp/arduino-language-server688093503/sketch/ff.ino.cpp@1 as 'cpp')
2022/05/18 20:55:55 IDE --> textDocument/didOpen notif2 sent to Clang
2022/05/18 20:55:55 [91mIDE     LS --> CL: NOTIFICATION textDocument/didOpen: [0m
2022/05/18 20:55:55 IDE --> textDocument/didOpen notif2 Queued resfreshing document symbols
2022/05/18 20:55:55 IDE --> textDocument/didOpen notif2 [93m unlocked[0m
2022/05/18 20:55:55 [92mIDE --> LS     CL: REQUEST textDocument/codeAction 1: [0m
2022/05/18 20:55:55 SYLD--- [93m read-locked[0m
2022/05/18 20:55:55 SYLD--- requesting documentSymbol for file:///C:/Users/ECC/AppData/Local/Temp/arduino-language-server688093503/sketch/ff.ino.cpp
2022/05/18 20:55:55 SYLD--- [93m read-unlocked[0m
2022/05/18 20:55:55 [91mIDE     LS --> CL: REQUEST textDocument/documentSymbol 1: [0m
2022/05/18 20:55:55 IDE --> textDocument/codeAction 1 [93m read-locked[0m
2022/05/18 20:55:55 --> codeAction(file:///c%3A/Users/ECC/Documents/ff/ff.ino:0:0)
2022/05/18 20:55:55     --> codeAction(file:///C:/Users/ECC/AppData/Local/Temp/arduino-language-server688093503/sketch/ff.ino.cpp:2:0)
2022/05/18 20:55:55 IDE --> textDocument/codeAction 1 sent to Clang
2022/05/18 20:55:55 [91mIDE     LS --> CL: REQUEST textDocument/codeAction 2: [0m
2022/05/18 20:55:55 [92mIDE     LS <-- CL: REQUEST window/workDoneProgress/create 0: [0m
2022/05/18 20:55:55 [91mIDE     LS --> CL: ANSWER UNBOUND (0): [0m
2022/05/18 20:55:55 [92mIDE     LS <-- CL: NOTIFICATION $/progress: TOKEN=backgroundIndexProgress BEGIN indexing [0m
2022/05/18 20:55:55 [92mIDE     LS <-- CL: NOTIFICATION $/progress: TOKEN=backgroundIndexProgress END [0m
2022/05/18 20:55:55 [91mIDE <-- LS     CL: REQUEST window/workDoneProgress/create 0: [0m
2022/05/18 20:55:55 [92mIDE     LS <-- CL: NOTIFICATION textDocument/publishDiagnostics: [0m
2022/05/18 20:55:55 CLG <-- textDocument/publishDiagnostics notif3 (queued)
2022/05/18 20:55:55 CLG <-- textDocument/publishDiagnostics notif3 [93m read-locked[0m
2022/05/18 20:55:55 CLG <-- textDocument/publishDiagnostics notif3 (running)
2022/05/18 20:55:55 CLG <-- textDocument/publishDiagnostics notif3 publishDiagnostics(file:///C:/Users/ECC/AppData/Local/Temp/arduino-language-server688093503/sketch/ff.ino.cpp):
2022/05/18 20:55:55 CLG <-- textDocument/publishDiagnostics notif3 > 0:9 - 1: pp_file_not_found
2022/05/18 20:55:55 CLG <-- textDocument/publishDiagnostics notif3 > 21:0 - 1: unknown_typename
2022/05/18 20:55:55 CLG <-- textDocument/publishDiagnostics notif3 > 27:9 - 1: pp_file_not_found
2022/05/18 20:55:55     URI: converted 0:9-0:20 to /not-ino:0:9-0:20
2022/05/18 20:55:55     URI: converted 21:0-21:10 to C:\Users\ECC\Documents\ff\ff.ino:19:0-19:10
2022/05/18 20:55:55     URI: converted 27:9-27:19 to C:\Users\ECC\Documents\ff\ff.ino:25:9-25:19
2022/05/18 20:55:55 CLG <-- textDocument/publishDiagnostics notif3 to IDE: publishDiagnostics(file:///c%3A/Users/ECC/Documents/ff/ff.ino):
2022/05/18 20:55:55 CLG <-- textDocument/publishDiagnostics notif3 > 19:0 - 1: unknown_typename
2022/05/18 20:55:55 CLG <-- textDocument/publishDiagnostics notif3 > 25:9 - 1: pp_file_not_found
2022/05/18 20:55:55 [91mIDE <-- LS     CL: NOTIFICATION textDocument/publishDiagnostics: [0m
2022/05/18 20:55:55 CLG <-- textDocument/publishDiagnostics notif3 [93m read-unlocked[0m
2022/05/18 20:55:55 [92mIDE     LS <-- CL: ANSWER textDocument/documentSymbol 1 (1): [0m
2022/05/18 20:55:56 SYLD--- [93m read-locked[0m
2022/05/18 20:55:56 SYLD---    symbol: Function setup 58:0-79:1
2022/05/18 20:55:56 SYLD---      TRIMMED> void setup() 
2022/05/18 20:55:56 SYLD---    symbol: Function loop 81:0-195:1
2022/05/18 20:55:56 SYLD---      TRIMMED> void loop() 
2022/05/18 20:55:56 SYLD--- [93m read-unlocked[0m
2022/05/18 20:55:56 SYLD--- (done)
2022/05/18 20:55:56 [92mIDE     LS <-- CL: ANSWER textDocument/codeAction 2 (2): [0m
2022/05/18 20:55:56 IDE --> textDocument/codeAction 1 Queued check document symbols
2022/05/18 20:55:56 SYCK--- [93m read-locked[0m
2022/05/18 20:55:56 SYCK--- requesting documentSymbol for file:///C:/Users/ECC/AppData/Local/Temp/arduino-language-server688093503/sketch/ff.ino.cpp
2022/05/18 20:55:56 SYCK--- [93m read-unlocked[0m
2022/05/18 20:55:56     <-- codeAction(0 elements)
2022/05/18 20:55:56 <-- codeAction(0 elements)
2022/05/18 20:55:56 IDE --> textDocument/codeAction 1 [93m read-unlocked[0m
2022/05/18 20:55:56 [91mIDE <-- LS     CL: ANSWER UNBOUND (1): [0m
2022/05/18 20:55:56 [92mIDE --> LS     CL: ANSWER window/workDoneProgress/create 0 (0): [0m
2022/05/18 20:55:56 [91mIDE <-- LS     CL: NOTIFICATION $/progress: TOKEN=backgroundIndexProgress BEGIN indexing [0m
2022/05/18 20:55:56 [91mIDE <-- LS     CL: NOTIFICATION $/progress: TOKEN=backgroundIndexProgress END [0m
2022/05/18 20:55:56 [91mIDE     LS --> CL: REQUEST textDocument/documentSymbol 3: [0m
2022/05/18 20:55:56 [92mIDE     LS <-- CL: ANSWER textDocument/documentSymbol 3 (3): [0m
2022/05/18 20:55:56 SYCK--- [93m read-locked[0m
2022/05/18 20:55:56 SYCK---    symbol: Function setup 58:0-79:1
2022/05/18 20:55:56 SYCK---      TRIMMED> void setup() 
2022/05/18 20:55:56 SYCK---    symbol: Function loop 81:0-195:1
2022/05/18 20:55:56 SYCK---      TRIMMED> void loop() 
2022/05/18 20:55:56 SYCK--- [93m read-unlocked[0m
2022/05/18 20:55:56 SYCK--- (done)
2022/05/18 20:55:56 [92mIDE --> LS     CL: REQUEST textDocument/codeAction 2: [0m
2022/05/18 20:55:56 IDE --> textDocument/codeAction 2 [93m read-locked[0m
2022/05/18 20:55:56 --> codeAction(file:///c%3A/Users/ECC/Documents/ff/ff.ino:0:0)
2022/05/18 20:55:56     --> codeAction(file:///C:/Users/ECC/AppData/Local/Temp/arduino-language-server688093503/sketch/ff.ino.cpp:2:0)
2022/05/18 20:55:56 IDE --> textDocument/codeAction 2 sent to Clang
2022/05/18 20:55:56 [91mIDE     LS --> CL: REQUEST textDocument/codeAction 4: [0m
2022/05/18 20:55:56 [92mIDE     LS <-- CL: ANSWER textDocument/codeAction 4 (4): [0m
2022/05/18 20:55:56     <-- codeAction(0 elements)
2022/05/18 20:55:56 <-- codeAction(0 elements)
2022/05/18 20:55:56 IDE --> textDocument/codeAction 2 [93m read-unlocked[0m
2022/05/18 20:55:56 [91mIDE <-- LS     CL: ANSWER UNBOUND (2): [0m
2022/05/18 20:56:53 [92mIDE --> LS     CL: REQUEST textDocument/hover 3: [0m
2022/05/18 20:56:53 IDE --> textDocument/hover 3 [93m read-locked[0m
2022/05/18 20:56:53 --> hover(file:///c%3A/Users/ECC/Documents/ff/ff.ino:17:3)
2022/05/18 20:56:53     --> hover(file:///C:/Users/ECC/AppData/Local/Temp/arduino-language-server688093503/sketch/ff.ino.cpp:19:3)
2022/05/18 20:56:53 IDE --> textDocument/hover 3 sent to Clang
2022/05/18 20:56:53 [91mIDE     LS --> CL: REQUEST textDocument/hover 5: [0m
2022/05/18 20:56:53 [92mIDE     LS <-- CL: ANSWER textDocument/hover 5 (5): [0m
2022/05/18 20:56:53 <-- hover("### variable `ssid`  \n\n---\nType: `const char *`  \nValue = `&\"Door Lock\"[0]`  \nSet these to your desired credentials.  \n\n---\n```cpp\nconst char *ssid = \"Door Lock\"\n```")
2022/05/18 20:56:53 IDE --> textDocument/hover 3 [93m read-unlocked[0m
2022/05/18 20:56:53 [91mIDE <-- LS     CL: ANSWER UNBOUND (3): [0m
2022/05/18 20:57:08 [92mIDE --> LS     CL: REQUEST textDocument/hover 4: [0m
2022/05/18 20:57:08 IDE --> textDocument/hover 4 [93m read-locked[0m
2022/05/18 20:57:08 --> hover(file:///c%3A/Users/ECC/Documents/ff/ff.ino:10:29)
2022/05/18 20:57:08     --> hover(file:///C:/Users/ECC/AppData/Local/Temp/arduino-language-server688093503/sketch/ff.ino.cpp:12:29)
2022/05/18 20:57:08 IDE --> textDocument/hover 4 sent to Clang
2022/05/18 20:57:08 [91mIDE     LS --> CL: REQUEST textDocument/hover 6: [0m
2022/05/18 20:57:08 [92mIDE     LS <-- CL: ANSWER textDocument/hover 6 (6): [0m
2022/05/18 20:57:08 IDE --> textDocument/hover 4 [93m read-unlocked[0m
2022/05/18 20:57:08 [91mIDE <-- LS     CL: ANSWER UNBOUND (4): [0m
2022/05/18 20:57:08 [92mIDE --> LS     CL: NOTIFICATION $/cancelRequest: [0m
2022/05/18 20:57:08 IDE --> $/cancelRequest notif3 [93m read-locked[0m
2022/05/18 20:57:08 IDE --> $/cancelRequest notif3 sent to Clang
2022/05/18 20:57:08 [91mIDE     LS --> CL: NOTIFICATION $/cancelRequest: [0m
2022/05/18 20:57:08 IDE --> $/cancelRequest notif3 [93m read-unlocked[0m
2022/05/18 20:57:10 [92mIDE --> LS     CL: REQUEST shutdown 5: [0m
2022/05/18 20:57:10 IDE --> shutdown 5 [93m read-locked[0m
2022/05/18 20:57:10 IDE --> shutdown 5 sent to Clang
2022/05/18 20:57:10 [91mIDE     LS --> CL: REQUEST shutdown 7: [0m
2022/05/18 20:57:10 [92mIDE     LS <-- CL: ANSWER shutdown 7 (7): [0m
2022/05/18 20:57:10 IDE --> shutdown 5 [93m read-unlocked[0m
2022/05/18 20:57:10 [91mIDE <-- LS     CL: ANSWER UNBOUND (5): [0m
2022/05/18 20:57:10 [92mIDE --> LS     CL: NOTIFICATION exit: [0m
2022/05/18 20:57:10 IDE --> exit notif4 [93m read-locked[0m
2022/05/18 20:57:10 IDE --> exit notif4 sent to Clang
2022/05/18 20:57:10 [91mIDE     LS --> CL: NOTIFICATION exit: [0m
2022/05/18 20:57:10 IDE --> exit notif4 [93m read-unlocked[0m
2022/05/18 20:57:10 Lost connection with clangd!
2022/05/18 20:57:10 removing buildpath







Started logging.
2022/05/18 20:57:50 logging to c:\Users\ECC\Documents\ff\inols.log
2022/05/18 20:57:50 Initial board configuration: {"Arduino Nano" arduino:avr:nano}
2022/05/18 20:57:50 Language server build path: C:\Users\ECC\AppData\Local\Temp\arduino-language-server554229403
2022/05/18 20:57:50 Language server build sketch root: C:\Users\ECC\AppData\Local\Temp\arduino-language-server554229403\sketch
2022/05/18 20:57:50 [92mIDE --> LS     CL: REQUEST initialize 0: [0m
2022/05/18 20:57:50 IDE --> initialize 0 [93m locked[0m
2022/05/18 20:57:50 IDE --> initialize 0 [93m unlocked[0m
2022/05/18 20:57:50 INIT--- initializing workbench
2022/05/18 20:57:50 INIT--- [93m locked[0m
2022/05/18 20:57:50     --> initialize(file:///c%3A/Users/ECC/Documents/ff)
2022/05/18 20:57:50 [91mIDE <-- LS     CL: ANSWER UNBOUND (0): [0m
2022/05/18 20:57:50 running:  c:\Users\ECC\AppData\Local\Programs\Arduino IDE\resources\app\node_modules\arduino-ide-extension\build\arduino-cli.exe --config-file c:\Users\ECC\.arduinoIDE\arduino-cli.yaml compile --fqbn arduino:avr:nano --only-compilation-database --clean --source-override C:\Users\ECC\AppData\Local\Temp\174556990 --build-path C:\Users\ECC\AppData\Local\Temp\arduino-language-server554229403 --format json C:\Users\ECC\Documents\ff
2022/05/18 20:57:50 [92mIDE --> LS     CL: NOTIFICATION initialized: [0m
2022/05/18 20:57:52 arduino-cli output: {
  "compiler_out": "",
  "compiler_err": "",
  "builder_result": {
    "build_path": "C:\\Users\\ECC\\AppData\\Local\\Temp\\arduino-language-server554229403"
  },
  "success": false
}

2022/05/18 20:57:52 running:  c:\Users\ECC\AppData\Local\Programs\Arduino IDE\resources\app\node_modules\arduino-ide-extension\build\arduino-cli.exe --config-file c:\Users\ECC\.arduinoIDE\arduino-cli.yaml config dump --format json
2022/05/18 20:57:52 Arduino Data Dir ->  c:\Users\ECC\AppData\Local\Arduino15
2022/05/18 20:57:52     Starting clangd: c:\Users\ECC\AppData\Local\Programs\Arduino IDE\resources\app\node_modules\arduino-ide-extension\build\bin\clangd.exe -log=verbose --compile-commands-dir=C:\Users\ECC\AppData\Local\Temp\arduino-language-server554229403 -query-driver=c:\Users\ECC\AppData\Local\Arduino15\packages\**
2022/05/18 20:57:52 logging to c:\Users\ECC\Documents\ff\inols-clangd.log
2022/05/18 20:57:52 logging to c:\Users\ECC\Documents\ff\inols-clangd-err.log
2022/05/18 20:57:52 [91mIDE     LS --> CL: REQUEST initialize 0: [0m
2022/05/18 20:57:52 [92mIDE     LS <-- CL: ANSWER initialize 0 (0): [0m
2022/05/18 20:57:52 [91mIDE     LS --> CL: NOTIFICATION initialized: [0m
2022/05/18 20:57:52 INIT--- initializing workbench (done)
2022/05/18 20:57:52 INIT--- [93m unlocked[0m
2022/05/18 20:57:52 IDE --> initialized notif1 [93m read-locked[0m
2022/05/18 20:57:52 IDE --> initialized notif1 notification is not propagated to clangd
2022/05/18 20:57:52 IDE --> initialized notif1 [93m read-unlocked[0m
2022/05/18 20:57:52 [92mIDE --> LS     CL: NOTIFICATION textDocument/didOpen: [0m
2022/05/18 20:57:52 IDE --> textDocument/didOpen notif2 [93m locked[0m
2022/05/18 20:57:52 IDE --> textDocument/didOpen notif2 (file:///c%3A/Users/ECC/Documents/ff/ff.ino@1 as 'cpp')
2022/05/18 20:57:52     increasing .ino tracked files count: 1
2022/05/18 20:57:52 IDE --> textDocument/didOpen notif2 to clang: didOpen(file:///C:/Users/ECC/AppData/Local/Temp/arduino-language-server554229403/sketch/ff.ino.cpp@1 as 'cpp')
2022/05/18 20:57:52 IDE --> textDocument/didOpen notif2 sent to Clang
2022/05/18 20:57:52 [91mIDE     LS --> CL: NOTIFICATION textDocument/didOpen: [0m
2022/05/18 20:57:52 IDE --> textDocument/didOpen notif2 Queued resfreshing document symbols
2022/05/18 20:57:52 IDE --> textDocument/didOpen notif2 [93m unlocked[0m
2022/05/18 20:57:52 [92mIDE --> LS     CL: REQUEST textDocument/codeAction 1: [0m
2022/05/18 20:57:52 IDE --> textDocument/codeAction 1 [93m read-locked[0m
2022/05/18 20:57:52 --> codeAction(file:///c%3A/Users/ECC/Documents/ff/ff.ino:0:0)
2022/05/18 20:57:52     --> codeAction(file:///C:/Users/ECC/AppData/Local/Temp/arduino-language-server554229403/sketch/ff.ino.cpp:2:0)
2022/05/18 20:57:52 IDE --> textDocument/codeAction 1 sent to Clang
2022/05/18 20:57:52 [91mIDE     LS --> CL: REQUEST textDocument/codeAction 1: [0m
2022/05/18 20:57:52 SYLD--- [93m read-locked[0m
2022/05/18 20:57:52 SYLD--- requesting documentSymbol for file:///C:/Users/ECC/AppData/Local/Temp/arduino-language-server554229403/sketch/ff.ino.cpp
2022/05/18 20:57:52 SYLD--- [93m read-unlocked[0m
2022/05/18 20:57:52 [91mIDE     LS --> CL: REQUEST textDocument/documentSymbol 2: [0m
2022/05/18 20:57:52 [92mIDE     LS <-- CL: REQUEST window/workDoneProgress/create 0: [0m
2022/05/18 20:57:52 [91mIDE     LS --> CL: ANSWER UNBOUND (0): [0m
2022/05/18 20:57:52 [91mIDE <-- LS     CL: REQUEST window/workDoneProgress/create 0: [0m
2022/05/18 20:57:52 [92mIDE     LS <-- CL: NOTIFICATION $/progress: TOKEN=backgroundIndexProgress BEGIN indexing [0m
2022/05/18 20:57:52 [92mIDE     LS <-- CL: NOTIFICATION $/progress: TOKEN=backgroundIndexProgress END [0m
2022/05/18 20:57:52 [92mIDE     LS <-- CL: NOTIFICATION textDocument/publishDiagnostics: [0m
2022/05/18 20:57:52 CLG <-- textDocument/publishDiagnostics notif3 (queued)
2022/05/18 20:57:52 CLG <-- textDocument/publishDiagnostics notif3 [93m read-locked[0m
2022/05/18 20:57:52 CLG <-- textDocument/publishDiagnostics notif3 (running)
2022/05/18 20:57:52 CLG <-- textDocument/publishDiagnostics notif3 publishDiagnostics(file:///C:/Users/ECC/AppData/Local/Temp/arduino-language-server554229403/sketch/ff.ino.cpp):
2022/05/18 20:57:52 CLG <-- textDocument/publishDiagnostics notif3 > 0:9 - 1: pp_file_not_found
2022/05/18 20:57:52 CLG <-- textDocument/publishDiagnostics notif3 > 21:0 - 1: unknown_typename
2022/05/18 20:57:52 CLG <-- textDocument/publishDiagnostics notif3 > 27:9 - 1: pp_file_not_found
2022/05/18 20:57:52     URI: converted 0:9-0:20 to /not-ino:0:9-0:20
2022/05/18 20:57:52     URI: converted 21:0-21:10 to C:\Users\ECC\Documents\ff\ff.ino:19:0-19:10
2022/05/18 20:57:52     URI: converted 27:9-27:19 to C:\Users\ECC\Documents\ff\ff.ino:25:9-25:19
2022/05/18 20:57:52 CLG <-- textDocument/publishDiagnostics notif3 to IDE: publishDiagnostics(file:///c%3A/Users/ECC/Documents/ff/ff.ino):
2022/05/18 20:57:52 CLG <-- textDocument/publishDiagnostics notif3 > 19:0 - 1: unknown_typename
2022/05/18 20:57:52 CLG <-- textDocument/publishDiagnostics notif3 > 25:9 - 1: pp_file_not_found
2022/05/18 20:57:52 [91mIDE <-- LS     CL: NOTIFICATION textDocument/publishDiagnostics: [0m
2022/05/18 20:57:52 CLG <-- textDocument/publishDiagnostics notif3 [93m read-unlocked[0m
2022/05/18 20:57:52 [92mIDE     LS <-- CL: ANSWER textDocument/codeAction 1 (1): [0m
2022/05/18 20:57:52 [92mIDE     LS <-- CL: ANSWER textDocument/documentSymbol 2 (2): [0m
2022/05/18 20:57:52 IDE --> textDocument/codeAction 1 Queued check document symbols
2022/05/18 20:57:52     <-- codeAction(0 elements)
2022/05/18 20:57:52 <-- codeAction(0 elements)
2022/05/18 20:57:52 IDE --> textDocument/codeAction 1 [93m read-unlocked[0m
2022/05/18 20:57:52 [91mIDE <-- LS     CL: ANSWER UNBOUND (1): [0m
2022/05/18 20:57:52 [92mIDE --> LS     CL: ANSWER window/workDoneProgress/create 0 (0): [0m
2022/05/18 20:57:52 SYCK--- [93m read-locked[0m
2022/05/18 20:57:52 SYLD--- [93m read-locked[0m
2022/05/18 20:57:52 SYCK--- requesting documentSymbol for file:///C:/Users/ECC/AppData/Local/Temp/arduino-language-server554229403/sketch/ff.ino.cpp
2022/05/18 20:57:52 SYLD---    symbol: Function setup 58:0-79:1
2022/05/18 20:57:52 SYLD---      TRIMMED> void setup() 
2022/05/18 20:57:52 SYLD---    symbol: Function loop 81:0-195:1
2022/05/18 20:57:52 SYLD---      TRIMMED> void loop() 
2022/05/18 20:57:52 SYLD--- [93m read-unlocked[0m
2022/05/18 20:57:52 SYLD--- (done)
2022/05/18 20:57:52 [91mIDE <-- LS     CL: NOTIFICATION $/progress: TOKEN=backgroundIndexProgress BEGIN indexing [0m
2022/05/18 20:57:52 [91mIDE <-- LS     CL: NOTIFICATION $/progress: TOKEN=backgroundIndexProgress END [0m
2022/05/18 20:57:52 SYCK--- [93m read-unlocked[0m
2022/05/18 20:57:52 [91mIDE     LS --> CL: REQUEST textDocument/documentSymbol 3: [0m
2022/05/18 20:57:52 [92mIDE     LS <-- CL: ANSWER textDocument/documentSymbol 3 (3): [0m
2022/05/18 20:57:52 SYCK--- [93m read-locked[0m
2022/05/18 20:57:52 SYCK---    symbol: Function setup 58:0-79:1
2022/05/18 20:57:52 SYCK---      TRIMMED> void setup() 
2022/05/18 20:57:52 SYCK---    symbol: Function loop 81:0-195:1
2022/05/18 20:57:52 SYCK---      TRIMMED> void loop() 
2022/05/18 20:57:52 SYCK--- function symbols change detected, triggering sketch rebuild!
2022/05/18 20:57:52 SYCK--- [93m read-unlocked[0m
2022/05/18 20:57:52 SYCK--- (done)
2022/05/18 20:57:52 [92mIDE --> LS     CL: REQUEST textDocument/codeAction 2: [0m
2022/05/18 20:57:53 IDE --> textDocument/codeAction 2 [93m read-locked[0m
2022/05/18 20:57:53 --> codeAction(file:///c%3A/Users/ECC/Documents/ff/ff.ino:0:0)
2022/05/18 20:57:53     --> codeAction(file:///C:/Users/ECC/AppData/Local/Temp/arduino-language-server554229403/sketch/ff.ino.cpp:2:0)
2022/05/18 20:57:53 IDE --> textDocument/codeAction 2 sent to Clang
2022/05/18 20:57:53 [91mIDE     LS --> CL: REQUEST textDocument/codeAction 4: [0m
2022/05/18 20:57:53 [92mIDE     LS <-- CL: ANSWER textDocument/codeAction 4 (4): [0m
2022/05/18 20:57:53     <-- codeAction(0 elements)
2022/05/18 20:57:53 <-- codeAction(0 elements)
2022/05/18 20:57:53 IDE --> textDocument/codeAction 2 [93m read-unlocked[0m
2022/05/18 20:57:53 [91mIDE <-- LS     CL: ANSWER UNBOUND (2): [0m
2022/05/18 20:57:53 RBLD---[93m locked[0m
2022/05/18 20:57:53     --> RE-initialize()
2022/05/18 20:57:53 [91mIDE <-- LS     CL: REQUEST window/workDoneProgress/create 1: [0m
2022/05/18 20:57:53 [92mIDE --> LS     CL: ANSWER window/workDoneProgress/create 1 (1): [0m
2022/05/18 20:57:53 [91mIDE <-- LS     CL: NOTIFICATION $/progress: TOKEN=arduinoLanguageServerRebuild BEGIN Building sketch [0m
2022/05/18 20:57:53 running:  c:\Users\ECC\AppData\Local\Programs\Arduino IDE\resources\app\node_modules\arduino-ide-extension\build\arduino-cli.exe --config-file c:\Users\ECC\.arduinoIDE\arduino-cli.yaml compile --fqbn arduino:avr:nano --only-compilation-database --clean --source-override C:\Users\ECC\AppData\Local\Temp\950109573 --build-path C:\Users\ECC\AppData\Local\Temp\arduino-language-server554229403 --format json C:\Users\ECC\Documents\ff
2022/05/18 20:57:54 [91mIDE <-- LS     CL: NOTIFICATION $/progress: TOKEN=arduinoLanguageServerRebuild REPORT compiling. 0%[0m
2022/05/18 20:57:54 [91mIDE <-- LS     CL: NOTIFICATION $/progress: TOKEN=arduinoLanguageServerRebuild REPORT compiling.. 0%[0m
2022/05/18 20:57:54 [91mIDE <-- LS     CL: NOTIFICATION $/progress: TOKEN=arduinoLanguageServerRebuild REPORT compiling... 0%[0m
2022/05/18 20:57:55 arduino-cli output: {
  "compiler_out": "",
  "compiler_err": "",
  "builder_result": {
    "build_path": "C:\\Users\\ECC\\AppData\\Local\\Temp\\arduino-language-server554229403"
  },
  "success": false
}

2022/05/18 20:57:55 [91mIDE     LS --> CL: NOTIFICATION textDocument/didChange: [0m
2022/05/18 20:57:55 RBLD---[93m unlocked[0m
2022/05/18 20:57:55 [91mIDE <-- LS     CL: NOTIFICATION $/progress: TOKEN=arduinoLanguageServerRebuild END done[0m
2022/05/18 20:58:18 [92mIDE --> LS     CL: REQUEST textDocument/hover 3: [0m
2022/05/18 20:58:18 IDE --> textDocument/hover 3 [93m read-locked[0m
2022/05/18 20:58:18 --> hover(file:///c%3A/Users/ECC/Documents/ff/ff.ino:16:24)
2022/05/18 20:58:18     --> hover(file:///C:/Users/ECC/AppData/Local/Temp/arduino-language-server554229403/sketch/ff.ino.cpp:18:24)
2022/05/18 20:58:18 IDE --> textDocument/hover 3 sent to Clang
2022/05/18 20:58:18 [91mIDE     LS --> CL: REQUEST textDocument/hover 5: [0m
2022/05/18 20:58:18 [92mIDE     LS <-- CL: ANSWER textDocument/hover 5 (5): [0m
2022/05/18 20:58:18 IDE --> textDocument/hover 3 Queued resfreshing document symbols
2022/05/18 20:58:18 SYLD--- [93m read-locked[0m
2022/05/18 20:58:18 SYLD--- requesting documentSymbol for file:///C:/Users/ECC/AppData/Local/Temp/arduino-language-server554229403/sketch/ff.ino.cpp
2022/05/18 20:58:18 SYLD--- [93m read-unlocked[0m
2022/05/18 20:58:18 [91mIDE     LS --> CL: REQUEST textDocument/documentSymbol 6: [0m
2022/05/18 20:58:18 IDE --> textDocument/hover 3 [93m read-unlocked[0m
2022/05/18 20:58:18 [91mIDE <-- LS     CL: ANSWER UNBOUND (3): [0m
2022/05/18 20:58:18 [92mIDE     LS <-- CL: ANSWER textDocument/documentSymbol 6 (6): [0m
2022/05/18 20:58:18 SYLD--- [93m read-locked[0m
2022/05/18 20:58:18 SYLD---    symbol: Function setup 58:0-79:1
2022/05/18 20:58:18 SYLD---      TRIMMED> void setup() 
2022/05/18 20:58:18 SYLD---    symbol: Function loop 81:0-195:1
2022/05/18 20:58:18 SYLD---      TRIMMED> void loop() 
2022/05/18 20:58:18 SYLD--- [93m read-unlocked[0m
2022/05/18 20:58:18 SYLD--- (done)
2022/05/18 20:58:39 [92mIDE --> LS     CL: REQUEST textDocument/hover 4: [0m
2022/05/18 20:58:39 IDE --> textDocument/hover 4 [93m read-locked[0m
2022/05/18 20:58:39 --> hover(file:///c%3A/Users/ECC/Documents/ff/ff.ino:18:3)
2022/05/18 20:58:39     --> hover(file:///C:/Users/ECC/AppData/Local/Temp/arduino-language-server554229403/sketch/ff.ino.cpp:20:3)
2022/05/18 20:58:39 IDE --> textDocument/hover 4 sent to Clang
2022/05/18 20:58:39 [91mIDE     LS --> CL: REQUEST textDocument/hover 7: [0m
2022/05/18 20:58:39 [92mIDE     LS <-- CL: ANSWER textDocument/hover 7 (7): [0m
2022/05/18 20:58:39 <-- hover("### variable `password`  \n\n---\nType: `const char *`  \nValue = `&\"12345678\"[0]`  \n\n---\n```cpp\nconst char *password = \"12345678\"\n```")
2022/05/18 20:58:39 IDE --> textDocument/hover 4 [93m read-unlocked[0m
2022/05/18 20:58:39 [91mIDE <-- LS     CL: ANSWER UNBOUND (4): [0m
2022/05/18 20:58:39 [92mIDE --> LS     CL: NOTIFICATION $/cancelRequest: [0m
2022/05/18 20:58:39 IDE --> $/cancelRequest notif3 [93m read-locked[0m
2022/05/18 20:58:39 IDE --> $/cancelRequest notif3 sent to Clang
2022/05/18 20:58:39 [91mIDE     LS --> CL: NOTIFICATION $/cancelRequest: [0m
2022/05/18 20:58:39 IDE --> $/cancelRequest notif3 [93m read-unlocked[0m
2022/05/18 20:58:39 [92mIDE --> LS     CL: REQUEST textDocument/hover 5: [0m
2022/05/18 20:58:39 IDE --> textDocument/hover 5 [93m read-locked[0m
2022/05/18 20:58:39 --> hover(file:///c%3A/Users/ECC/Documents/ff/ff.ino:19:4)
2022/05/18 20:58:39     --> hover(file:///C:/Users/ECC/AppData/Local/Temp/arduino-language-server554229403/sketch/ff.ino.cpp:21:4)
2022/05/18 20:58:39 IDE --> textDocument/hover 5 sent to Clang
2022/05/18 20:58:39 [91mIDE     LS --> CL: REQUEST textDocument/hover 8: [0m
2022/05/18 20:58:39 [92mIDE     LS <-- CL: ANSWER textDocument/hover 8 (8): [0m
2022/05/18 20:58:39 <-- hover("### variable `server`  \n\n---\nType: `int`  \n\n---\n```cpp\npublic: int server\n```")
2022/05/18 20:58:39 IDE --> textDocument/hover 5 [93m read-unlocked[0m
2022/05/18 20:58:39 [91mIDE <-- LS     CL: ANSWER UNBOUND (5): [0m
2022/05/18 20:58:39 [92mIDE --> LS     CL: REQUEST textDocument/codeAction 6: [0m
2022/05/18 20:58:39 IDE --> textDocument/codeAction 6 [93m read-locked[0m
2022/05/18 20:58:39 --> codeAction(file:///c%3A/Users/ECC/Documents/ff/ff.ino:19:0)
2022/05/18 20:58:39     --> codeAction(file:///C:/Users/ECC/AppData/Local/Temp/arduino-language-server554229403/sketch/ff.ino.cpp:21:0)
2022/05/18 20:58:39 IDE --> textDocument/codeAction 6 sent to Clang
2022/05/18 20:58:39 [91mIDE     LS --> CL: REQUEST textDocument/codeAction 9: [0m
2022/05/18 20:58:39 [92mIDE     LS <-- CL: ANSWER textDocument/codeAction 9 (9): [0m
2022/05/18 20:58:39     <-- codeAction(0 elements)
2022/05/18 20:58:39 <-- codeAction(0 elements)
2022/05/18 20:58:39 IDE --> textDocument/codeAction 6 [93m read-unlocked[0m
2022/05/18 20:58:39 [91mIDE <-- LS     CL: ANSWER UNBOUND (6): [0m
2022/05/18 20:58:50 [92mIDE --> LS     CL: REQUEST textDocument/hover 7: [0m
2022/05/18 20:58:50 IDE --> textDocument/hover 7 [93m read-locked[0m
2022/05/18 20:58:50 --> hover(file:///c%3A/Users/ECC/Documents/ff/ff.ino:25:0)
2022/05/18 20:58:50     --> hover(file:///C:/Users/ECC/AppData/Local/Temp/arduino-language-server554229403/sketch/ff.ino.cpp:27:0)
2022/05/18 20:58:50 IDE --> textDocument/hover 7 sent to Clang
2022/05/18 20:58:50 [91mIDE     LS --> CL: REQUEST textDocument/hover 10: [0m
2022/05/18 20:58:50 [92mIDE     LS <-- CL: ANSWER textDocument/hover 10 (10): [0m
2022/05/18 20:58:50 IDE --> textDocument/hover 7 [93m read-unlocked[0m
2022/05/18 20:58:50 [91mIDE <-- LS     CL: ANSWER UNBOUND (7): [0m
2022/05/18 22:29:05 [92mIDE --> LS     CL: REQUEST textDocument/hover 8: [0m
2022/05/18 22:29:05 IDE --> textDocument/hover 8 [93m read-locked[0m
2022/05/18 22:29:05 --> hover(file:///c%3A/Users/ECC/Documents/ff/ff.ino:19:20)
2022/05/18 22:29:05     --> hover(file:///C:/Users/ECC/AppData/Local/Temp/arduino-language-server554229403/sketch/ff.ino.cpp:21:20)
2022/05/18 22:29:05 IDE --> textDocument/hover 8 sent to Clang
2022/05/18 22:29:05 [91mIDE     LS --> CL: REQUEST textDocument/hover 11: [0m
2022/05/18 22:29:06 [92mIDE     LS <-- CL: ANSWER textDocument/hover 11 (11): [0m
2022/05/18 22:29:06 IDE --> textDocument/hover 8 [93m read-unlocked[0m
2022/05/18 22:29:06 [91mIDE <-- LS     CL: ANSWER UNBOUND (8): [0m
2022/05/18 22:29:06 [92mIDE --> LS     CL: NOTIFICATION $/cancelRequest: [0m
2022/05/18 22:29:06 IDE --> $/cancelRequest notif4 [93m read-locked[0m
2022/05/18 22:29:06 IDE --> $/cancelRequest notif4 sent to Clang
2022/05/18 22:29:06 [91mIDE     LS --> CL: NOTIFICATION $/cancelRequest: [0m
2022/05/18 22:29:06 IDE --> $/cancelRequest notif4 [93m read-unlocked[0m
2022/05/18 22:29:49 [92mIDE --> LS     CL: REQUEST shutdown 9: [0m
2022/05/18 22:29:49 IDE --> shutdown 9 [93m read-locked[0m
2022/05/18 22:29:49 IDE --> shutdown 9 sent to Clang
2022/05/18 22:29:49 [91mIDE     LS --> CL: REQUEST shutdown 12: [0m
2022/05/18 22:29:49 [92mIDE     LS <-- CL: ANSWER shutdown 12 (12): [0m
2022/05/18 22:29:49 IDE --> shutdown 9 [93m read-unlocked[0m
2022/05/18 22:29:49 [91mIDE <-- LS     CL: ANSWER UNBOUND (9): [0m
2022/05/18 22:29:49 [92mIDE --> LS     CL: NOTIFICATION exit: [0m
2022/05/18 22:29:49 IDE --> exit notif5 [93m read-locked[0m
2022/05/18 22:29:49 IDE --> exit notif5 sent to Clang
2022/05/18 22:29:49 [91mIDE     LS --> CL: NOTIFICATION exit: [0m
2022/05/18 22:29:49 IDE --> exit notif5 [93m read-unlocked[0m







Started logging.
2022/05/18 22:29:50 logging to c:\Users\ECC\Documents\ff\inols.log
2022/05/18 22:29:50 Initial board configuration: {"ESP32-WROOM-DA Module" esp32:esp32:esp32da}
2022/05/18 22:29:50 Language server build path: C:\Users\ECC\AppData\Local\Temp\arduino-language-server967556263
2022/05/18 22:29:50 Language server build sketch root: C:\Users\ECC\AppData\Local\Temp\arduino-language-server967556263\sketch
2022/05/18 22:29:50 [92mIDE --> LS     CL: REQUEST initialize 0: [0m
2022/05/18 22:29:50 IDE --> initialize 0 [93m locked[0m
2022/05/18 22:29:50 IDE --> initialize 0 [93m unlocked[0m
2022/05/18 22:29:50 INIT--- initializing workbench
2022/05/18 22:29:50 INIT--- [93m locked[0m
2022/05/18 22:29:50 [91mIDE <-- LS     CL: ANSWER UNBOUND (0): [0m
2022/05/18 22:29:50     --> initialize(file:///c%3A/Users/ECC/Documents/ff)
2022/05/18 22:29:50 running:  c:\Users\ECC\AppData\Local\Programs\Arduino IDE\resources\app\node_modules\arduino-ide-extension\build\arduino-cli.exe --config-file c:\Users\ECC\.arduinoIDE\arduino-cli.yaml compile --fqbn esp32:esp32:esp32da --only-compilation-database --clean --source-override C:\Users\ECC\AppData\Local\Temp\895388122 --build-path C:\Users\ECC\AppData\Local\Temp\arduino-language-server967556263 --format json C:\Users\ECC\Documents\ff
2022/05/18 22:29:50 [92mIDE --> LS     CL: NOTIFICATION initialized: [0m
2022/05/18 22:29:50 Lost connection with clangd!
2022/05/18 22:29:50 removing buildpath
2022/05/18 22:29:53 arduino-cli output: {
  "compiler_out": "",
  "compiler_err": "xtensa-esp32-elf-g++: error: C:\\Users\\ECC\\AppData\\Local\\Temp\\arduino-language-server967556263/build_opt.h: No such file or directory\n",
  "builder_result": {
    "build_path": "C:\\Users\\ECC\\AppData\\Local\\Temp\\arduino-language-server967556263"
  },
  "success": false
}

2022/05/18 22:29:53 running:  c:\Users\ECC\AppData\Local\Programs\Arduino IDE\resources\app\node_modules\arduino-ide-extension\build\arduino-cli.exe --config-file c:\Users\ECC\.arduinoIDE\arduino-cli.yaml config dump --format json
2022/05/18 22:29:53 Arduino Data Dir ->  c:\Users\ECC\AppData\Local\Arduino15
2022/05/18 22:29:53     Starting clangd: c:\Users\ECC\AppData\Local\Programs\Arduino IDE\resources\app\node_modules\arduino-ide-extension\build\bin\clangd.exe -log=verbose --compile-commands-dir=C:\Users\ECC\AppData\Local\Temp\arduino-language-server967556263 -query-driver=c:\Users\ECC\AppData\Local\Arduino15\packages\**
2022/05/18 22:29:53 logging to c:\Users\ECC\Documents\ff\inols-clangd.log
2022/05/18 22:29:53 logging to c:\Users\ECC\Documents\ff\inols-clangd-err.log
2022/05/18 22:29:53 [91mIDE     LS --> CL: REQUEST initialize 0: [0m
2022/05/18 22:29:54 [92mIDE     LS <-- CL: ANSWER initialize 0 (0): [0m
2022/05/18 22:29:54 [91mIDE     LS --> CL: NOTIFICATION initialized: [0m
2022/05/18 22:29:54 INIT--- initializing workbench (done)
2022/05/18 22:29:54 INIT--- [93m unlocked[0m
2022/05/18 22:29:54 IDE --> initialized notif1 [93m read-locked[0m
2022/05/18 22:29:54 IDE --> initialized notif1 notification is not propagated to clangd
2022/05/18 22:29:54 IDE --> initialized notif1 [93m read-unlocked[0m
2022/05/18 22:29:54 [92mIDE --> LS     CL: NOTIFICATION textDocument/didOpen: [0m
2022/05/18 22:29:54 IDE --> textDocument/didOpen notif2 [93m locked[0m
2022/05/18 22:29:54 IDE --> textDocument/didOpen notif2 (file:///c%3A/Users/ECC/Documents/ff/ff.ino@1 as 'cpp')
2022/05/18 22:29:54     increasing .ino tracked files count: 1
2022/05/18 22:29:54 IDE --> textDocument/didOpen notif2 to clang: didOpen(file:///C:/Users/ECC/AppData/Local/Temp/arduino-language-server967556263/sketch/ff.ino.cpp@1 as 'cpp')
2022/05/18 22:29:54 IDE --> textDocument/didOpen notif2 sent to Clang
2022/05/18 22:29:54 [91mIDE     LS --> CL: NOTIFICATION textDocument/didOpen: [0m
2022/05/18 22:29:54 IDE --> textDocument/didOpen notif2 Queued resfreshing document symbols
2022/05/18 22:29:54 IDE --> textDocument/didOpen notif2 [93m unlocked[0m
2022/05/18 22:29:54 [92mIDE --> LS     CL: REQUEST textDocument/codeAction 1: [0m
2022/05/18 22:29:54 IDE --> textDocument/codeAction 1 [93m read-locked[0m
2022/05/18 22:29:54 --> codeAction(file:///c%3A/Users/ECC/Documents/ff/ff.ino:0:0)
2022/05/18 22:29:54 SYLD--- [93m read-locked[0m
2022/05/18 22:29:54 SYLD--- requesting documentSymbol for file:///C:/Users/ECC/AppData/Local/Temp/arduino-language-server967556263/sketch/ff.ino.cpp
2022/05/18 22:29:54 SYLD--- [93m read-unlocked[0m
2022/05/18 22:29:54 [91mIDE     LS --> CL: REQUEST textDocument/documentSymbol 1: [0m
2022/05/18 22:29:54     --> codeAction(file:///C:/Users/ECC/AppData/Local/Temp/arduino-language-server967556263/sketch/ff.ino.cpp:2:0)
2022/05/18 22:29:54 IDE --> textDocument/codeAction 1 sent to Clang
2022/05/18 22:29:54 [91mIDE     LS --> CL: REQUEST textDocument/codeAction 2: [0m
2022/05/18 22:29:54 [92mIDE     LS <-- CL: REQUEST window/workDoneProgress/create 0: [0m
2022/05/18 22:29:54 [91mIDE     LS --> CL: ANSWER UNBOUND (0): [0m
2022/05/18 22:29:54 [92mIDE     LS <-- CL: NOTIFICATION $/progress: TOKEN=backgroundIndexProgress BEGIN indexing [0m
2022/05/18 22:29:54 [92mIDE     LS <-- CL: NOTIFICATION $/progress: TOKEN=backgroundIndexProgress END [0m
2022/05/18 22:29:54 [91mIDE <-- LS     CL: REQUEST window/workDoneProgress/create 0: [0m
2022/05/18 22:29:55 [92mIDE     LS <-- CL: NOTIFICATION textDocument/publishDiagnostics: [0m
2022/05/18 22:29:55 [92mIDE     LS <-- CL: ANSWER textDocument/documentSymbol 1 (1): [0m
2022/05/18 22:29:55 [92mIDE     LS <-- CL: ANSWER textDocument/codeAction 2 (2): [0m
2022/05/18 22:29:55 CLG <-- textDocument/publishDiagnostics notif3 (queued)
2022/05/18 22:29:55 CLG <-- textDocument/publishDiagnostics notif3 [93m read-locked[0m
2022/05/18 22:29:55 CLG <-- textDocument/publishDiagnostics notif3 (running)
2022/05/18 22:29:55 SYLD--- [93m read-locked[0m
2022/05/18 22:29:55 SYLD---    symbol: Function setup 58:0-79:1
2022/05/18 22:29:55 SYLD---      TRIMMED> void setup() 
2022/05/18 22:29:55 SYLD---    symbol: Function loop 81:0-195:1
2022/05/18 22:29:55 SYLD---      TRIMMED> void loop() 
2022/05/18 22:29:55 SYLD--- [93m read-unlocked[0m
2022/05/18 22:29:55 SYLD--- (done)
2022/05/18 22:29:55     <-- codeAction(0 elements)
2022/05/18 22:29:55 <-- codeAction(0 elements)
2022/05/18 22:29:55 IDE --> textDocument/codeAction 1 [93m read-unlocked[0m
2022/05/18 22:29:55 [91mIDE <-- LS     CL: ANSWER UNBOUND (1): [0m
2022/05/18 22:29:55 [92mIDE --> LS     CL: ANSWER window/workDoneProgress/create 0 (0): [0m
2022/05/18 22:29:55 [91mIDE <-- LS     CL: NOTIFICATION $/progress: TOKEN=backgroundIndexProgress BEGIN indexing [0m
2022/05/18 22:29:55 [91mIDE <-- LS     CL: NOTIFICATION $/progress: TOKEN=backgroundIndexProgress END [0m
2022/05/18 22:29:55 CLG <-- textDocument/publishDiagnostics notif3 publishDiagnostics(file:///C:/Users/ECC/AppData/Local/Temp/arduino-language-server967556263/sketch/ff.ino.cpp):
2022/05/18 22:29:55 CLG <-- textDocument/publishDiagnostics notif3 > 0:9 - 1: pp_file_not_found
2022/05/18 22:29:55 CLG <-- textDocument/publishDiagnostics notif3 > 21:0 - 1: unknown_typename
2022/05/18 22:29:55 CLG <-- textDocument/publishDiagnostics notif3 > 27:9 - 1: pp_file_not_found
2022/05/18 22:29:55     URI: converted 0:9-0:20 to /not-ino:0:9-0:20
2022/05/18 22:29:55     URI: converted 21:0-21:10 to C:\Users\ECC\Documents\ff\ff.ino:19:0-19:10
2022/05/18 22:29:55     URI: converted 27:9-27:19 to C:\Users\ECC\Documents\ff\ff.ino:25:9-25:19
2022/05/18 22:29:55 CLG <-- textDocument/publishDiagnostics notif3 to IDE: publishDiagnostics(file:///c%3A/Users/ECC/Documents/ff/ff.ino):
2022/05/18 22:29:55 CLG <-- textDocument/publishDiagnostics notif3 > 19:0 - 1: unknown_typename
2022/05/18 22:29:55 CLG <-- textDocument/publishDiagnostics notif3 > 25:9 - 1: pp_file_not_found
2022/05/18 22:29:55 [91mIDE <-- LS     CL: NOTIFICATION textDocument/publishDiagnostics: [0m
2022/05/18 22:29:55 CLG <-- textDocument/publishDiagnostics notif3 [93m read-unlocked[0m
2022/05/18 22:29:55 [92mIDE --> LS     CL: REQUEST textDocument/codeAction 2: [0m
2022/05/18 22:29:55 IDE --> textDocument/codeAction 2 [93m read-locked[0m
2022/05/18 22:29:55 --> codeAction(file:///c%3A/Users/ECC/Documents/ff/ff.ino:0:0)
2022/05/18 22:29:55     --> codeAction(file:///C:/Users/ECC/AppData/Local/Temp/arduino-language-server967556263/sketch/ff.ino.cpp:2:0)
2022/05/18 22:29:55 IDE --> textDocument/codeAction 2 sent to Clang
2022/05/18 22:29:55 [91mIDE     LS --> CL: REQUEST textDocument/codeAction 3: [0m
2022/05/18 22:29:55 [92mIDE     LS <-- CL: ANSWER textDocument/codeAction 3 (3): [0m
2022/05/18 22:29:55 IDE --> textDocument/codeAction 2 Queued check document symbols
2022/05/18 22:29:55 SYCK--- [93m read-locked[0m
2022/05/18 22:29:55 SYCK--- requesting documentSymbol for file:///C:/Users/ECC/AppData/Local/Temp/arduino-language-server967556263/sketch/ff.ino.cpp
2022/05/18 22:29:55 SYCK--- [93m read-unlocked[0m
2022/05/18 22:29:55 [91mIDE     LS --> CL: REQUEST textDocument/documentSymbol 4: [0m
2022/05/18 22:29:55 [92mIDE     LS <-- CL: ANSWER textDocument/documentSymbol 4 (4): [0m
2022/05/18 22:29:55 SYCK--- [93m read-locked[0m
2022/05/18 22:29:55 SYCK---    symbol: Function setup 58:0-79:1
2022/05/18 22:29:55 SYCK---      TRIMMED> void setup() 
2022/05/18 22:29:55 SYCK---    symbol: Function loop 81:0-195:1
2022/05/18 22:29:55 SYCK---      TRIMMED> void loop() 
2022/05/18 22:29:55 SYCK--- [93m read-unlocked[0m
2022/05/18 22:29:55 SYCK--- (done)
2022/05/18 22:29:55     <-- codeAction(0 elements)
2022/05/18 22:29:55 <-- codeAction(0 elements)
2022/05/18 22:29:55 IDE --> textDocument/codeAction 2 [93m read-unlocked[0m
2022/05/18 22:29:55 [91mIDE <-- LS     CL: ANSWER UNBOUND (2): [0m
